<?xml version="1.0" encoding="UTF-8"?>
<testsuite name="spring.ru.springtest.SpringTestApplicationTests" tests="1" skipped="0" failures="0" errors="0" timestamp="2026-03-15T18:13:12.937Z" hostname="DESKTOP-CS5QFQ0" time="19.526">
  <properties/>
  <testcase name="contextLoads()" classname="spring.ru.springtest.SpringTestApplicationTests" time="0.497"/>
  <system-out><![CDATA[21:13:13.299 [Test worker] INFO org.springframework.test.context.support.AnnotationConfigContextLoaderUtils -- Could not detect default configuration classes for test class [spring.ru.springtest.SpringTestApplicationTests]: SpringTestApplicationTests does not declare any static, non-private, non-final, nested classes annotated with @Configuration.
21:13:13.602 [Test worker] INFO org.springframework.boot.test.context.SpringBootTestContextBootstrapper -- Found @SpringBootConfiguration spring.ru.springtest.SpringTestApplication for test class spring.ru.springtest.SpringTestApplicationTests

  .   ____          _            __ _ _
 /\\ / ___'_ __ _ _(_)_ __  __ _ \ \ \ \
( ( )\___ | '_ | '_| | '_ \/ _` | \ \ \ \
 \\/  ___)| |_)| | | | | || (_| |  ) ) ) )
  '  |____| .__|_| |_|_| |_\__, | / / / /
 =========|_|==============|___/=/_/_/_/

 :: Spring Boot ::                (v4.0.3)

2026-03-15T21:13:14.380+03:00  INFO 9144 --- [SpringTest] [    Test worker] s.r.s.SpringTestApplicationTests         : Starting SpringTestApplicationTests using Java 25 with PID 9144 (started by Asus in C:\Projects\Java-less\SpringTest)
2026-03-15T21:13:14.383+03:00  INFO 9144 --- [SpringTest] [    Test worker] s.r.s.SpringTestApplicationTests         : No active profile set, falling back to 1 default profile: "default"
2026-03-15T21:13:15.763+03:00  INFO 9144 --- [SpringTest] [    Test worker] .s.d.r.c.RepositoryConfigurationDelegate : Bootstrapping Spring Data JPA repositories in DEFAULT mode.
2026-03-15T21:13:15.909+03:00  INFO 9144 --- [SpringTest] [    Test worker] .s.d.r.c.RepositoryConfigurationDelegate : Finished Spring Data repository scanning in 128 ms. Found 6 JPA repository interfaces.
2026-03-15T21:13:16.547+03:00  INFO 9144 --- [SpringTest] [    Test worker] org.testcontainers.images.PullPolicy     : Image pull policy will be performed by: DefaultPullPolicy()
2026-03-15T21:13:16.550+03:00  INFO 9144 --- [SpringTest] [    Test worker] o.t.utility.ImageNameSubstitutor         : Image name substitution will be performed by: DefaultImageNameSubstitutor (composite of 'ConfigurationFileImageNameSubstitutor' and 'PrefixingImageNameSubstitutor')
2026-03-15T21:13:16.597+03:00  INFO 9144 --- [SpringTest] [    Test worker] org.testcontainers.DockerClientFactory   : Testcontainers version: 2.0.3
2026-03-15T21:13:17.137+03:00  INFO 9144 --- [SpringTest] [    Test worker] o.t.d.DockerClientProviderStrategy       : Loaded org.testcontainers.dockerclient.NpipeSocketClientProviderStrategy from ~/.testcontainers.properties, will try it first
2026-03-15T21:13:18.015+03:00  INFO 9144 --- [SpringTest] [    Test worker] o.t.d.DockerClientProviderStrategy       : Found Docker environment with local Npipe socket (npipe:////./pipe/docker_engine)
2026-03-15T21:13:18.017+03:00  INFO 9144 --- [SpringTest] [    Test worker] org.testcontainers.DockerClientFactory   : Docker host IP address is localhost
2026-03-15T21:13:18.059+03:00  INFO 9144 --- [SpringTest] [    Test worker] org.testcontainers.DockerClientFactory   : Connected to docker: 
  Server Version: 29.2.1
  API Version: 1.53
  Operating System: Docker Desktop
  Total Memory: 7410 MB
  Labels: 
    com.docker.desktop.address=npipe://\\.\pipe\docker_cli
2026-03-15T21:13:18.253+03:00  INFO 9144 --- [SpringTest] [    Test worker] tc.testcontainers/ryuk:0.13.0            : Creating container for image: testcontainers/ryuk:0.13.0
2026-03-15T21:13:18.566+03:00  INFO 9144 --- [SpringTest] [    Test worker] o.t.utility.RegistryAuthLocator          : Credential helper/store (docker-credential-desktop) does not have credentials for https://index.docker.io/v1/
2026-03-15T21:13:18.926+03:00  INFO 9144 --- [SpringTest] [    Test worker] tc.testcontainers/ryuk:0.13.0            : Container testcontainers/ryuk:0.13.0 is starting: 993e8d1d3ae601feec00e24195a7c02675c811270d9b3cdc255b87348f7d0760
2026-03-15T21:13:19.942+03:00  INFO 9144 --- [SpringTest] [    Test worker] tc.testcontainers/ryuk:0.13.0            : Container testcontainers/ryuk:0.13.0 started in PT1.6889152S
2026-03-15T21:13:19.952+03:00  INFO 9144 --- [SpringTest] [    Test worker] o.t.utility.RyukResourceReaper           : Ryuk started - will monitor and terminate Testcontainers containers on JVM exit
2026-03-15T21:13:19.953+03:00  INFO 9144 --- [SpringTest] [    Test worker] org.testcontainers.DockerClientFactory   : Checking the system...
2026-03-15T21:13:19.954+03:00  INFO 9144 --- [SpringTest] [    Test worker] org.testcontainers.DockerClientFactory   : ✔︎ Docker server version should be at least 1.6.0
2026-03-15T21:13:19.955+03:00  INFO 9144 --- [SpringTest] [    Test worker] tc.postgres:latest                       : Creating container for image: postgres:latest
2026-03-15T21:13:20.347+03:00  INFO 9144 --- [SpringTest] [    Test worker] tc.postgres:latest                       : Container postgres:latest is starting: e6b6a688a4e1fd4aed75674fc20dcf548abeef680f749cb86c115311bfd37249
2026-03-15T21:13:25.887+03:00  INFO 9144 --- [SpringTest] [    Test worker] tc.postgres:latest                       : Container postgres:latest started in PT5.9323546S
2026-03-15T21:13:25.890+03:00  INFO 9144 --- [SpringTest] [    Test worker] tc.postgres:latest                       : Container is started (JDBC URL: jdbc:postgresql://localhost:52679/test?loggerLevel=OFF)
2026-03-15T21:13:26.693+03:00  INFO 9144 --- [SpringTest] [    Test worker] org.flywaydb.core.FlywayExecutor         : Database: jdbc:postgresql://localhost:52679/test?loggerLevel=OFF (PostgreSQL 18.3)
2026-03-15T21:13:26.770+03:00  INFO 9144 --- [SpringTest] [    Test worker] o.f.core.internal.database.base.Schema   : Creating schema "test" ...
2026-03-15T21:13:26.787+03:00  INFO 9144 --- [SpringTest] [    Test worker] o.f.c.i.s.JdbcTableSchemaHistory         : Creating Schema History table "test"."flyway_schema_history" ...
2026-03-15T21:13:26.916+03:00  INFO 9144 --- [SpringTest] [    Test worker] o.f.core.internal.command.DbMigrate      : Current version of schema "test": null
2026-03-15T21:13:26.933+03:00  INFO 9144 --- [SpringTest] [    Test worker] o.f.core.internal.command.DbMigrate      : Migrating schema "test" to version "1 - create initial tables"
2026-03-15T21:13:26.943+03:00  WARN 9144 --- [SpringTest] [    Test worker] o.f.c.i.s.DefaultSqlScriptExecutor       : DB: schema "test" already exists, skipping (SQL State: 42P06 - Error Code: 0)
2026-03-15T21:13:27.000+03:00  INFO 9144 --- [SpringTest] [    Test worker] o.f.core.internal.command.DbMigrate      : Migrating schema "test" to version "2 - create profiles entity"
2026-03-15T21:13:27.044+03:00  INFO 9144 --- [SpringTest] [    Test worker] o.f.core.internal.command.DbMigrate      : Migrating schema "test" to version "3 - create author and book tables"
2026-03-15T21:13:27.089+03:00  INFO 9144 --- [SpringTest] [    Test worker] o.f.core.internal.command.DbMigrate      : Migrating schema "test" to version "4 - create courses and students tables"
2026-03-15T21:13:27.134+03:00  INFO 9144 --- [SpringTest] [    Test worker] o.f.core.internal.command.DbMigrate      : Successfully applied 4 migrations to schema "test", now at version v4 (execution time 00:00.088s)
2026-03-15T21:13:27.358+03:00  INFO 9144 --- [SpringTest] [    Test worker] org.hibernate.orm.jpa                    : HHH008540: Processing PersistenceUnitInfo [name: default]
2026-03-15T21:13:27.470+03:00  INFO 9144 --- [SpringTest] [    Test worker] org.hibernate.orm.core                   : HHH000001: Hibernate ORM core version 7.2.4.Final
2026-03-15T21:13:28.272+03:00  INFO 9144 --- [SpringTest] [    Test worker] o.s.o.j.p.SpringPersistenceUnitInfo      : No LoadTimeWeaver setup: ignoring JPA class transformer
2026-03-15T21:13:28.326+03:00  INFO 9144 --- [SpringTest] [    Test worker] com.zaxxer.hikari.HikariDataSource       : HikariPool-1 - Starting...
2026-03-15T21:13:28.380+03:00  INFO 9144 --- [SpringTest] [    Test worker] com.zaxxer.hikari.pool.HikariPool        : HikariPool-1 - Added connection org.postgresql.jdbc.PgConnection@5fe19d0e
2026-03-15T21:13:28.384+03:00  INFO 9144 --- [SpringTest] [    Test worker] com.zaxxer.hikari.HikariDataSource       : HikariPool-1 - Start completed.
2026-03-15T21:13:28.508+03:00  INFO 9144 --- [SpringTest] [    Test worker] org.hibernate.orm.connections.pooling    : HHH10001005: Database info:
	Database JDBC URL [jdbc:postgresql://localhost:52679/test?loggerLevel=OFF]
	Database driver: PostgreSQL JDBC Driver
	Database dialect: PostgreSQLDialect
	Database version: 18.3
	Default catalog/schema: test/test
	Autocommit mode: undefined/unknown
	Isolation level: READ_COMMITTED [default READ_COMMITTED]
	JDBC fetch size: none
	Pool: DataSourceConnectionProvider
	Minimum pool size: undefined/unknown
	Maximum pool size: undefined/unknown
2026-03-15T21:13:30.056+03:00  INFO 9144 --- [SpringTest] [    Test worker] org.hibernate.orm.core                   : HHH000489: No JTA platform available (set 'hibernate.transaction.jta.platform' to enable JTA platform integration)
2026-03-15T21:13:30.140+03:00  INFO 9144 --- [SpringTest] [    Test worker] j.LocalContainerEntityManagerFactoryBean : Initialized JPA EntityManagerFactory for persistence unit 'default'
2026-03-15T21:13:30.259+03:00  INFO 9144 --- [SpringTest] [    Test worker] o.s.d.j.r.query.QueryEnhancerFactories   : Hibernate is in classpath; If applicable, HQL parser will be used.
2026-03-15T21:13:30.992+03:00  WARN 9144 --- [SpringTest] [    Test worker] JpaBaseConfiguration$JpaWebConfiguration : spring.jpa.open-in-view is enabled by default. Therefore, database queries may be performed during view rendering. Explicitly configure spring.jpa.open-in-view to disable this warning
2026-03-15T21:13:31.072+03:00  INFO 9144 --- [SpringTest] [    Test worker] o.s.v.b.OptionalValidatorFactoryBean     : Failed to set up a Bean Validation provider: jakarta.validation.NoProviderFoundException: Unable to create a Configuration, because no Jakarta Bean Validation provider could be found. Add a provider like Hibernate Validator (RI) to your classpath.
2026-03-15T21:13:31.940+03:00  INFO 9144 --- [SpringTest] [    Test worker] s.r.s.SpringTestApplicationTests         : Started SpringTestApplicationTests in 18.087 seconds (process running for 20.552)
]]></system-out>
  <system-err><![CDATA[Mockito is currently self-attaching to enable the inline-mock-maker. This will no longer work in future releases of the JDK. Please add Mockito as an agent to your build as described in Mockito's documentation: https://javadoc.io/doc/org.mockito/mockito-core/latest/org.mockito/org/mockito/Mockito.html#0.3
WARNING: A Java agent has been loaded dynamically (C:\Users\Asus\.gradle\caches\modules-2\files-2.1\net.bytebuddy\byte-buddy-agent\1.17.8\f09415827a71be7ed621c7bd02550678f28bc81c\byte-buddy-agent-1.17.8.jar)
WARNING: If a serviceability tool is in use, please run with -XX:+EnableDynamicAgentLoading to hide this warning
WARNING: If a serviceability tool is not in use, please run with -Djdk.instrument.traceUsage for more information
WARNING: Dynamic loading of agents will be disallowed by default in a future release
]]></system-err>
</testsuite>
