<?xml version="1.0" encoding="UTF-8"?>
<testsuite name="spring.ru.springtest.SpringTestApplicationTests" tests="1" skipped="0" failures="0" errors="0" timestamp="2026-04-23T16:34:14.585Z" hostname="DESKTOP-CS5QFQ0" time="21.129">
  <properties/>
  <testcase name="contextLoads()" classname="spring.ru.springtest.SpringTestApplicationTests" time="0.532"/>
  <system-out><![CDATA[19:34:14.953 [Test worker] INFO org.springframework.test.context.support.AnnotationConfigContextLoaderUtils -- Could not detect default configuration classes for test class [spring.ru.springtest.SpringTestApplicationTests]: SpringTestApplicationTests does not declare any static, non-private, non-final, nested classes annotated with @Configuration.
19:34:15.187 [Test worker] INFO org.springframework.boot.test.context.SpringBootTestContextBootstrapper -- Found @SpringBootConfiguration spring.ru.springtest.SpringTestApplication for test class spring.ru.springtest.SpringTestApplicationTests

  .   ____          _            __ _ _
 /\\ / ___'_ __ _ _(_)_ __  __ _ \ \ \ \
( ( )\___ | '_ | '_| | '_ \/ _` | \ \ \ \
 \\/  ___)| |_)| | | | | || (_| |  ) ) ) )
  '  |____| .__|_| |_|_| |_\__, | / / / /
 =========|_|==============|___/=/_/_/_/

 :: Spring Boot ::                (v4.0.3)

2026-04-23T19:34:16.063+03:00  INFO 11396 --- [SpringTest] [    Test worker] s.r.s.SpringTestApplicationTests         : Starting SpringTestApplicationTests using Java 21.0.10 with PID 11396 (started by Asus in C:\Projects\Java-less\SpringTest)
2026-04-23T19:34:16.066+03:00  INFO 11396 --- [SpringTest] [    Test worker] s.r.s.SpringTestApplicationTests         : No active profile set, falling back to 1 default profile: "default"
2026-04-23T19:34:17.564+03:00  INFO 11396 --- [SpringTest] [    Test worker] .s.d.r.c.RepositoryConfigurationDelegate : Bootstrapping Spring Data JPA repositories in DEFAULT mode.
2026-04-23T19:34:17.704+03:00  INFO 11396 --- [SpringTest] [    Test worker] .s.d.r.c.RepositoryConfigurationDelegate : Finished Spring Data repository scanning in 121 ms. Found 6 JPA repository interfaces.
2026-04-23T19:34:18.329+03:00  INFO 11396 --- [SpringTest] [    Test worker] org.testcontainers.images.PullPolicy     : Image pull policy will be performed by: DefaultPullPolicy()
2026-04-23T19:34:18.333+03:00  INFO 11396 --- [SpringTest] [    Test worker] o.t.utility.ImageNameSubstitutor         : Image name substitution will be performed by: DefaultImageNameSubstitutor (composite of 'ConfigurationFileImageNameSubstitutor' and 'PrefixingImageNameSubstitutor')
2026-04-23T19:34:18.368+03:00  INFO 11396 --- [SpringTest] [    Test worker] org.testcontainers.DockerClientFactory   : Testcontainers version: 2.0.3
2026-04-23T19:34:18.781+03:00  INFO 11396 --- [SpringTest] [    Test worker] o.t.d.DockerClientProviderStrategy       : Loaded org.testcontainers.dockerclient.NpipeSocketClientProviderStrategy from ~/.testcontainers.properties, will try it first
2026-04-23T19:34:19.548+03:00  INFO 11396 --- [SpringTest] [    Test worker] o.t.d.DockerClientProviderStrategy       : Found Docker environment with local Npipe socket (npipe:////./pipe/docker_engine)
2026-04-23T19:34:19.549+03:00  INFO 11396 --- [SpringTest] [    Test worker] org.testcontainers.DockerClientFactory   : Docker host IP address is localhost
2026-04-23T19:34:19.591+03:00  INFO 11396 --- [SpringTest] [    Test worker] org.testcontainers.DockerClientFactory   : Connected to docker: 
  Server Version: 29.2.1
  API Version: 1.53
  Operating System: Docker Desktop
  Total Memory: 7410 MB
  Labels: 
    com.docker.desktop.address=npipe://\\.\pipe\docker_cli
2026-04-23T19:34:19.797+03:00  INFO 11396 --- [SpringTest] [    Test worker] tc.testcontainers/ryuk:0.13.0            : Creating container for image: testcontainers/ryuk:0.13.0
2026-04-23T19:34:19.917+03:00  INFO 11396 --- [SpringTest] [    Test worker] o.t.utility.RegistryAuthLocator          : Credential helper/store (docker-credential-desktop) does not have credentials for https://index.docker.io/v1/
2026-04-23T19:34:20.304+03:00  INFO 11396 --- [SpringTest] [    Test worker] tc.testcontainers/ryuk:0.13.0            : Container testcontainers/ryuk:0.13.0 is starting: 6a99318501522288ee3526898739d4f3f82f521f8e9b02af96275eca584c074c
2026-04-23T19:34:21.754+03:00  INFO 11396 --- [SpringTest] [    Test worker] tc.testcontainers/ryuk:0.13.0            : Container testcontainers/ryuk:0.13.0 started in PT1.9557236S
2026-04-23T19:34:21.779+03:00  INFO 11396 --- [SpringTest] [    Test worker] o.t.utility.RyukResourceReaper           : Ryuk started - will monitor and terminate Testcontainers containers on JVM exit
2026-04-23T19:34:21.781+03:00  INFO 11396 --- [SpringTest] [    Test worker] org.testcontainers.DockerClientFactory   : Checking the system...
2026-04-23T19:34:21.783+03:00  INFO 11396 --- [SpringTest] [    Test worker] org.testcontainers.DockerClientFactory   : ✔︎ Docker server version should be at least 1.6.0
2026-04-23T19:34:21.784+03:00  INFO 11396 --- [SpringTest] [    Test worker] tc.postgres:latest                       : Creating container for image: postgres:latest
2026-04-23T19:34:22.174+03:00  INFO 11396 --- [SpringTest] [    Test worker] tc.postgres:latest                       : Container postgres:latest is starting: 2ee29f38c3662968d2c26cc78a840bd40d3d5292b13deeec58324f116786d5bf
2026-04-23T19:34:28.368+03:00  INFO 11396 --- [SpringTest] [    Test worker] tc.postgres:latest                       : Container postgres:latest started in PT6.5834251S
2026-04-23T19:34:28.369+03:00  INFO 11396 --- [SpringTest] [    Test worker] tc.postgres:latest                       : Container is started (JDBC URL: jdbc:postgresql://localhost:53283/test?loggerLevel=OFF)
2026-04-23T19:34:29.240+03:00  INFO 11396 --- [SpringTest] [    Test worker] org.flywaydb.core.FlywayExecutor         : Database: jdbc:postgresql://localhost:53283/test?loggerLevel=OFF (PostgreSQL 18.3)
2026-04-23T19:34:29.334+03:00  INFO 11396 --- [SpringTest] [    Test worker] o.f.core.internal.database.base.Schema   : Creating schema "test" ...
2026-04-23T19:34:29.351+03:00  INFO 11396 --- [SpringTest] [    Test worker] o.f.c.i.s.JdbcTableSchemaHistory         : Creating Schema History table "test"."flyway_schema_history" ...
2026-04-23T19:34:29.496+03:00  INFO 11396 --- [SpringTest] [    Test worker] o.f.core.internal.command.DbMigrate      : Current version of schema "test": null
2026-04-23T19:34:29.530+03:00  INFO 11396 --- [SpringTest] [    Test worker] o.f.core.internal.command.DbMigrate      : Migrating schema "test" to version "1 - create tables and triggers"
2026-04-23T19:34:29.543+03:00  WARN 11396 --- [SpringTest] [    Test worker] o.f.c.i.s.DefaultSqlScriptExecutor       : DB: schema "test" already exists, skipping (SQL State: 42P06 - Error Code: 0)
2026-04-23T19:34:29.642+03:00  INFO 11396 --- [SpringTest] [    Test worker] o.f.core.internal.command.DbMigrate      : Successfully applied 1 migration to schema "test", now at version v1 (execution time 00:00.085s)
2026-04-23T19:34:29.852+03:00  INFO 11396 --- [SpringTest] [    Test worker] org.hibernate.orm.jpa                    : HHH008540: Processing PersistenceUnitInfo [name: default]
2026-04-23T19:34:29.996+03:00  INFO 11396 --- [SpringTest] [    Test worker] org.hibernate.orm.core                   : HHH000001: Hibernate ORM core version 7.2.4.Final
2026-04-23T19:34:30.884+03:00  INFO 11396 --- [SpringTest] [    Test worker] o.s.o.j.p.SpringPersistenceUnitInfo      : No LoadTimeWeaver setup: ignoring JPA class transformer
2026-04-23T19:34:30.942+03:00  INFO 11396 --- [SpringTest] [    Test worker] com.zaxxer.hikari.HikariDataSource       : HikariPool-1 - Starting...
2026-04-23T19:34:30.990+03:00  INFO 11396 --- [SpringTest] [    Test worker] com.zaxxer.hikari.pool.HikariPool        : HikariPool-1 - Added connection org.postgresql.jdbc.PgConnection@46c92d27
2026-04-23T19:34:30.993+03:00  INFO 11396 --- [SpringTest] [    Test worker] com.zaxxer.hikari.HikariDataSource       : HikariPool-1 - Start completed.
2026-04-23T19:34:31.127+03:00  INFO 11396 --- [SpringTest] [    Test worker] org.hibernate.orm.connections.pooling    : HHH10001005: Database info:
	Database JDBC URL [jdbc:postgresql://localhost:53283/test?loggerLevel=OFF]
	Database driver: PostgreSQL JDBC Driver
	Database dialect: PostgreSQLDialect
	Database version: 18.3
	Default catalog/schema: test/test
	Autocommit mode: undefined/unknown
	Isolation level: READ_COMMITTED [default READ_COMMITTED]
	JDBC fetch size: none
	Pool: DataSourceConnectionProvider
	Minimum pool size: undefined/unknown
	Maximum pool size: undefined/unknown
2026-04-23T19:34:33.025+03:00  INFO 11396 --- [SpringTest] [    Test worker] org.hibernate.orm.core                   : HHH000489: No JTA platform available (set 'hibernate.transaction.jta.platform' to enable JTA platform integration)
2026-04-23T19:34:33.137+03:00  INFO 11396 --- [SpringTest] [    Test worker] j.LocalContainerEntityManagerFactoryBean : Initialized JPA EntityManagerFactory for persistence unit 'default'
2026-04-23T19:34:33.291+03:00  INFO 11396 --- [SpringTest] [    Test worker] o.s.d.j.r.query.QueryEnhancerFactories   : Hibernate is in classpath; If applicable, HQL parser will be used.
2026-04-23T19:34:34.171+03:00  WARN 11396 --- [SpringTest] [    Test worker] JpaBaseConfiguration$JpaWebConfiguration : spring.jpa.open-in-view is enabled by default. Therefore, database queries may be performed during view rendering. Explicitly configure spring.jpa.open-in-view to disable this warning
2026-04-23T19:34:35.160+03:00  INFO 11396 --- [SpringTest] [    Test worker] s.r.s.SpringTestApplicationTests         : Started SpringTestApplicationTests in 19.72 seconds (process running for 22.191)
]]></system-out>
  <system-err><![CDATA[Mockito is currently self-attaching to enable the inline-mock-maker. This will no longer work in future releases of the JDK. Please add Mockito as an agent to your build as described in Mockito's documentation: https://javadoc.io/doc/org.mockito/mockito-core/latest/org.mockito/org/mockito/Mockito.html#0.3
WARNING: A Java agent has been loaded dynamically (C:\Users\Asus\.gradle\caches\modules-2\files-2.1\net.bytebuddy\byte-buddy-agent\1.17.8\f09415827a71be7ed621c7bd02550678f28bc81c\byte-buddy-agent-1.17.8.jar)
WARNING: If a serviceability tool is in use, please run with -XX:+EnableDynamicAgentLoading to hide this warning
WARNING: If a serviceability tool is not in use, please run with -Djdk.instrument.traceUsage for more information
WARNING: Dynamic loading of agents will be disallowed by default in a future release
]]></system-err>
</testsuite>
